[2025-12-26 03:11:08] === INICIO DE EJECUCIÓN ===
--------------------------------------------------------------------------------
[2025-12-26 03:11:08] Intentando cargar config.php
--------------------------------------------------------------------------------
[2025-12-26 00:11:08] config.php cargado exitosamente
--------------------------------------------------------------------------------
[2025-12-26 00:11:08] Intentando cargar Database.php
--------------------------------------------------------------------------------
[2025-12-26 00:11:08] Database.php cargado exitosamente
--------------------------------------------------------------------------------
[2025-12-26 00:11:08] Intentando cargar Property.php
--------------------------------------------------------------------------------
[2025-12-26 00:11:08] Property.php cargado exitosamente
--------------------------------------------------------------------------------
[2025-12-26 00:11:08] Intentando conectar a la base de datos
--------------------------------------------------------------------------------
[2025-12-26 00:11:08] Conexión a base de datos exitosa
--------------------------------------------------------------------------------
[2025-12-26 00:11:08] Consultando total de propiedades
--------------------------------------------------------------------------------
[2025-12-26 00:11:08] Total de propiedades
Array
(
    [count] => 1
)

--------------------------------------------------------------------------------
[2025-12-26 00:11:08] Consultando propiedades activas
--------------------------------------------------------------------------------
[2025-12-26 00:11:08] Propiedades activas
Array
(
    [count] => 1
)

--------------------------------------------------------------------------------
[2025-12-26 00:11:08] Verificando existencia de tabla bookings
--------------------------------------------------------------------------------
[2025-12-26 00:11:08] Tabla bookings existe, consultando datos
--------------------------------------------------------------------------------
[2025-12-26 00:11:08] Total de reservas
Array
(
    [count] => 1
)

--------------------------------------------------------------------------------
[2025-12-26 00:11:08] Ingresos totales
Array
(
    [amount] => 37000.00
)

--------------------------------------------------------------------------------
[2025-12-26 00:11:08] === VALORES FINALES ===
Array
(
    [totalProperties] => 1
    [activeProperties] => 1
    [totalBookings] => 1
    [totalRevenue] => 37000.00
    [configLoaded] => 1
    [dbConnected] => 1
)

--------------------------------------------------------------------------------
[2025-12-26 03:12:01] === INICIO DE EJECUCIÓN ===
--------------------------------------------------------------------------------
[2025-12-26 03:12:01] Intentando cargar config.php
--------------------------------------------------------------------------------
[2025-12-26 00:12:01] config.php cargado exitosamente
--------------------------------------------------------------------------------
[2025-12-26 00:12:01] Intentando cargar Database.php
--------------------------------------------------------------------------------
[2025-12-26 00:12:01] Database.php cargado exitosamente
--------------------------------------------------------------------------------
[2025-12-26 00:12:01] Intentando cargar Property.php
--------------------------------------------------------------------------------
[2025-12-26 00:12:01] Property.php cargado exitosamente
--------------------------------------------------------------------------------
[2025-12-26 00:12:01] Intentando conectar a la base de datos
--------------------------------------------------------------------------------
[2025-12-26 00:12:01] Conexión a base de datos exitosa
--------------------------------------------------------------------------------
[2025-12-26 00:12:01] Consultando total de propiedades
--------------------------------------------------------------------------------
[2025-12-26 00:12:01] Total de propiedades
Array
(
    [count] => 1
)

--------------------------------------------------------------------------------
[2025-12-26 00:12:01] Consultando propiedades activas
--------------------------------------------------------------------------------
[2025-12-26 00:12:01] Propiedades activas
Array
(
    [count] => 1
)

--------------------------------------------------------------------------------
[2025-12-26 00:12:01] Verificando existencia de tabla bookings
--------------------------------------------------------------------------------
[2025-12-26 00:12:01] Tabla bookings existe, consultando datos
--------------------------------------------------------------------------------
[2025-12-26 00:12:01] Total de reservas
Array
(
    [count] => 1
)

--------------------------------------------------------------------------------
[2025-12-26 00:12:01] Ingresos totales
Array
(
    [amount] => 37000.00
)

--------------------------------------------------------------------------------
[2025-12-26 00:12:01] === VALORES FINALES ===
Array
(
    [totalProperties] => 1
    [activeProperties] => 1
    [totalBookings] => 1
    [totalRevenue] => 37000.00
    [configLoaded] => 1
    [dbConnected] => 1
)

--------------------------------------------------------------------------------
[2025-12-26 03:12:02] === INICIO DE EJECUCIÓN ===
--------------------------------------------------------------------------------
[2025-12-26 03:12:02] Intentando cargar config.php
--------------------------------------------------------------------------------
[2025-12-26 00:12:02] config.php cargado exitosamente
--------------------------------------------------------------------------------
[2025-12-26 00:12:02] Intentando cargar Database.php
--------------------------------------------------------------------------------
[2025-12-26 00:12:02] Database.php cargado exitosamente
--------------------------------------------------------------------------------
[2025-12-26 00:12:02] Intentando cargar Property.php
--------------------------------------------------------------------------------
[2025-12-26 00:12:02] Property.php cargado exitosamente
--------------------------------------------------------------------------------
[2025-12-26 00:12:02] Intentando conectar a la base de datos
--------------------------------------------------------------------------------
[2025-12-26 00:12:02] Conexión a base de datos exitosa
--------------------------------------------------------------------------------
[2025-12-26 00:12:02] Consultando total de propiedades
--------------------------------------------------------------------------------
[2025-12-26 00:12:02] Total de propiedades
Array
(
    [count] => 1
)

--------------------------------------------------------------------------------
[2025-12-26 00:12:02] Consultando propiedades activas
--------------------------------------------------------------------------------
[2025-12-26 00:12:02] Propiedades activas
Array
(
    [count] => 1
)

--------------------------------------------------------------------------------
[2025-12-26 00:12:02] Verificando existencia de tabla bookings
--------------------------------------------------------------------------------
[2025-12-26 00:12:02] Tabla bookings existe, consultando datos
--------------------------------------------------------------------------------
[2025-12-26 00:12:02] Total de reservas
Array
(
    [count] => 1
)

--------------------------------------------------------------------------------
[2025-12-26 00:12:02] Ingresos totales
Array
(
    [amount] => 37000.00
)

--------------------------------------------------------------------------------
[2025-12-26 00:12:02] === VALORES FINALES ===
Array
(
    [totalProperties] => 1
    [activeProperties] => 1
    [totalBookings] => 1
    [totalRevenue] => 37000.00
    [configLoaded] => 1
    [dbConnected] => 1
)

--------------------------------------------------------------------------------
[2025-12-26 03:12:24] === INICIO DE EJECUCIÓN ===
--------------------------------------------------------------------------------
[2025-12-26 03:12:24] Intentando cargar config.php
--------------------------------------------------------------------------------
[2025-12-26 03:12:24] ERROR: config.php no encontrado
Array
(
    [path] => /home/yvytsfpx/public_html/rentaturista/config/config.php
)

--------------------------------------------------------------------------------
[2025-12-26 03:12:24] Intentando cargar Database.php
--------------------------------------------------------------------------------
[2025-12-26 03:12:24] Database.php cargado exitosamente
--------------------------------------------------------------------------------
[2025-12-26 03:12:24] Intentando cargar Property.php
--------------------------------------------------------------------------------
[2025-12-26 03:12:24] Property.php cargado exitosamente
--------------------------------------------------------------------------------
[2025-12-26 03:12:24] Intentando conectar a la base de datos
--------------------------------------------------------------------------------
[2025-12-26 03:12:24] Conexión a base de datos exitosa
--------------------------------------------------------------------------------
[2025-12-26 03:12:24] Consultando total de propiedades
--------------------------------------------------------------------------------
[2025-12-26 03:12:24] Total de propiedades
Array
(
    [count] => 1
)

--------------------------------------------------------------------------------
[2025-12-26 03:12:24] Consultando propiedades activas
--------------------------------------------------------------------------------
[2025-12-26 03:12:24] Propiedades activas
Array
(
    [count] => 1
)

--------------------------------------------------------------------------------
[2025-12-26 03:12:24] Verificando existencia de tabla bookings
--------------------------------------------------------------------------------
[2025-12-26 03:12:24] Tabla bookings existe, consultando datos
--------------------------------------------------------------------------------
[2025-12-26 03:12:24] Total de reservas
Array
(
    [count] => 1
)

--------------------------------------------------------------------------------
[2025-12-26 03:12:24] Ingresos totales
Array
(
    [amount] => 37000.00
)

--------------------------------------------------------------------------------
[2025-12-26 03:12:24] === VALORES FINALES ===
Array
(
    [totalProperties] => 1
    [activeProperties] => 1
    [totalBookings] => 1
    [totalRevenue] => 37000.00
    [configLoaded] => 
    [dbConnected] => 1
)

--------------------------------------------------------------------------------
[2025-12-26 03:12:40] === INICIO DE EJECUCIÓN ===
--------------------------------------------------------------------------------
[2025-12-26 03:12:40] Intentando cargar config.php
--------------------------------------------------------------------------------
[2025-12-26 00:12:40] config.php cargado exitosamente
--------------------------------------------------------------------------------
[2025-12-26 00:12:40] Intentando cargar Database.php
--------------------------------------------------------------------------------
[2025-12-26 00:12:40] Database.php cargado exitosamente
--------------------------------------------------------------------------------
[2025-12-26 00:12:40] Intentando cargar Property.php
--------------------------------------------------------------------------------
[2025-12-26 00:12:40] Property.php cargado exitosamente
--------------------------------------------------------------------------------
[2025-12-26 00:12:40] Intentando conectar a la base de datos
--------------------------------------------------------------------------------
[2025-12-26 00:12:40] Conexión a base de datos exitosa
--------------------------------------------------------------------------------
[2025-12-26 00:12:40] Consultando total de propiedades
--------------------------------------------------------------------------------
[2025-12-26 00:12:40] Total de propiedades
Array
(
    [count] => 1
)

--------------------------------------------------------------------------------
[2025-12-26 00:12:40] Consultando propiedades activas
--------------------------------------------------------------------------------
[2025-12-26 00:12:40] Propiedades activas
Array
(
    [count] => 1
)

--------------------------------------------------------------------------------
[2025-12-26 00:12:40] Verificando existencia de tabla bookings
--------------------------------------------------------------------------------
[2025-12-26 00:12:40] Tabla bookings existe, consultando datos
--------------------------------------------------------------------------------
[2025-12-26 00:12:40] Total de reservas
Array
(
    [count] => 1
)

--------------------------------------------------------------------------------
[2025-12-26 00:12:40] Ingresos totales
Array
(
    [amount] => 37000.00
)

--------------------------------------------------------------------------------
[2025-12-26 00:12:40] === VALORES FINALES ===
Array
(
    [totalProperties] => 1
    [activeProperties] => 1
    [totalBookings] => 1
    [totalRevenue] => 37000.00
    [configLoaded] => 1
    [dbConnected] => 1
)

--------------------------------------------------------------------------------
[2025-12-26 03:12:41] === INICIO DE EJECUCIÓN ===
--------------------------------------------------------------------------------
[2025-12-26 03:12:41] Intentando cargar config.php
--------------------------------------------------------------------------------
[2025-12-26 00:12:41] config.php cargado exitosamente
--------------------------------------------------------------------------------
[2025-12-26 00:12:41] Intentando cargar Database.php
--------------------------------------------------------------------------------
[2025-12-26 00:12:41] Database.php cargado exitosamente
--------------------------------------------------------------------------------
[2025-12-26 00:12:41] Intentando cargar Property.php
--------------------------------------------------------------------------------
[2025-12-26 00:12:41] Property.php cargado exitosamente
--------------------------------------------------------------------------------
[2025-12-26 00:12:41] Intentando conectar a la base de datos
--------------------------------------------------------------------------------
[2025-12-26 00:12:41] Conexión a base de datos exitosa
--------------------------------------------------------------------------------
[2025-12-26 00:12:41] Consultando total de propiedades
--------------------------------------------------------------------------------
[2025-12-26 00:12:41] Total de propiedades
Array
(
    [count] => 1
)

--------------------------------------------------------------------------------
[2025-12-26 00:12:41] Consultando propiedades activas
--------------------------------------------------------------------------------
[2025-12-26 00:12:41] Propiedades activas
Array
(
    [count] => 1
)

--------------------------------------------------------------------------------
[2025-12-26 00:12:41] Verificando existencia de tabla bookings
--------------------------------------------------------------------------------
[2025-12-26 00:12:41] Tabla bookings existe, consultando datos
--------------------------------------------------------------------------------
[2025-12-26 00:12:41] Total de reservas
Array
(
    [count] => 1
)

--------------------------------------------------------------------------------
[2025-12-26 00:12:41] Ingresos totales
Array
(
    [amount] => 37000.00
)

--------------------------------------------------------------------------------
[2025-12-26 00:12:41] === VALORES FINALES ===
Array
(
    [totalProperties] => 1
    [activeProperties] => 1
    [totalBookings] => 1
    [totalRevenue] => 37000.00
    [configLoaded] => 1
    [dbConnected] => 1
)

--------------------------------------------------------------------------------
[2025-12-26 03:13:05] === INICIO DE EJECUCIÓN ===
--------------------------------------------------------------------------------
[2025-12-26 03:13:05] Intentando cargar config.php
--------------------------------------------------------------------------------
[2025-12-26 03:13:05] ERROR: config.php no encontrado
Array
(
    [path] => /home/yvytsfpx/public_html/rentaturista/config/config.php
)

--------------------------------------------------------------------------------
[2025-12-26 03:13:05] Intentando cargar Database.php
--------------------------------------------------------------------------------
[2025-12-26 03:13:05] Database.php cargado exitosamente
--------------------------------------------------------------------------------
[2025-12-26 03:13:05] Intentando cargar Property.php
--------------------------------------------------------------------------------
[2025-12-26 03:13:05] Property.php cargado exitosamente
--------------------------------------------------------------------------------
[2025-12-26 03:13:05] Intentando conectar a la base de datos
--------------------------------------------------------------------------------
[2025-12-26 03:13:05] Conexión a base de datos exitosa
--------------------------------------------------------------------------------
[2025-12-26 03:13:05] Consultando total de propiedades
--------------------------------------------------------------------------------
[2025-12-26 03:13:05] Total de propiedades
Array
(
    [count] => 1
)

--------------------------------------------------------------------------------
[2025-12-26 03:13:05] Consultando propiedades activas
--------------------------------------------------------------------------------
[2025-12-26 03:13:05] Propiedades activas
Array
(
    [count] => 1
)

--------------------------------------------------------------------------------
[2025-12-26 03:13:05] Verificando existencia de tabla bookings
--------------------------------------------------------------------------------
[2025-12-26 03:13:05] Tabla bookings existe, consultando datos
--------------------------------------------------------------------------------
[2025-12-26 03:13:05] Total de reservas
Array
(
    [count] => 1
)

--------------------------------------------------------------------------------
[2025-12-26 03:13:05] Ingresos totales
Array
(
    [amount] => 37000.00
)

--------------------------------------------------------------------------------
[2025-12-26 03:13:05] === VALORES FINALES ===
Array
(
    [totalProperties] => 1
    [activeProperties] => 1
    [totalBookings] => 1
    [totalRevenue] => 37000.00
    [configLoaded] => 
    [dbConnected] => 1
)

--------------------------------------------------------------------------------
[2025-12-26 03:13:06] === INICIO DE EJECUCIÓN ===
--------------------------------------------------------------------------------
[2025-12-26 03:13:06] Intentando cargar config.php
--------------------------------------------------------------------------------
[2025-12-26 03:13:06] ERROR: config.php no encontrado
Array
(
    [path] => /home/yvytsfpx/public_html/rentaturista/config/config.php
)

--------------------------------------------------------------------------------
[2025-12-26 03:13:06] Intentando cargar Database.php
--------------------------------------------------------------------------------
[2025-12-26 03:13:06] Database.php cargado exitosamente
--------------------------------------------------------------------------------
[2025-12-26 03:13:06] Intentando cargar Property.php
--------------------------------------------------------------------------------
[2025-12-26 03:13:06] Property.php cargado exitosamente
--------------------------------------------------------------------------------
[2025-12-26 03:13:06] Intentando conectar a la base de datos
--------------------------------------------------------------------------------
[2025-12-26 03:13:06] Conexión a base de datos exitosa
--------------------------------------------------------------------------------
[2025-12-26 03:13:06] Consultando total de propiedades
--------------------------------------------------------------------------------
[2025-12-26 03:13:06] Total de propiedades
Array
(
    [count] => 1
)

--------------------------------------------------------------------------------
[2025-12-26 03:13:06] Consultando propiedades activas
--------------------------------------------------------------------------------
[2025-12-26 03:13:06] Propiedades activas
Array
(
    [count] => 1
)

--------------------------------------------------------------------------------
[2025-12-26 03:13:06] Verificando existencia de tabla bookings
--------------------------------------------------------------------------------
[2025-12-26 03:13:06] Tabla bookings existe, consultando datos
--------------------------------------------------------------------------------
[2025-12-26 03:13:06] Total de reservas
Array
(
    [count] => 1
)

--------------------------------------------------------------------------------
[2025-12-26 03:13:06] Ingresos totales
Array
(
    [amount] => 37000.00
)

--------------------------------------------------------------------------------
[2025-12-26 03:13:06] === VALORES FINALES ===
Array
(
    [totalProperties] => 1
    [activeProperties] => 1
    [totalBookings] => 1
    [totalRevenue] => 37000.00
    [configLoaded] => 
    [dbConnected] => 1
)

--------------------------------------------------------------------------------
[2025-12-26 03:13:21] === INICIO DE EJECUCIÓN ===
--------------------------------------------------------------------------------
[2025-12-26 03:13:21] Intentando cargar config.php
--------------------------------------------------------------------------------
[2025-12-26 00:13:21] config.php cargado exitosamente
--------------------------------------------------------------------------------
[2025-12-26 00:13:21] Intentando cargar Database.php
--------------------------------------------------------------------------------
[2025-12-26 00:13:21] Database.php cargado exitosamente
--------------------------------------------------------------------------------
[2025-12-26 00:13:21] Intentando cargar Property.php
--------------------------------------------------------------------------------
[2025-12-26 00:13:21] Property.php cargado exitosamente
--------------------------------------------------------------------------------
[2025-12-26 00:13:21] Intentando conectar a la base de datos
--------------------------------------------------------------------------------
[2025-12-26 00:13:21] Conexión a base de datos exitosa
--------------------------------------------------------------------------------
[2025-12-26 00:13:21] Consultando total de propiedades
--------------------------------------------------------------------------------
[2025-12-26 00:13:21] Total de propiedades
Array
(
    [count] => 1
)

--------------------------------------------------------------------------------
[2025-12-26 00:13:21] Consultando propiedades activas
--------------------------------------------------------------------------------
[2025-12-26 00:13:21] Propiedades activas
Array
(
    [count] => 1
)

--------------------------------------------------------------------------------
[2025-12-26 00:13:21] Verificando existencia de tabla bookings
--------------------------------------------------------------------------------
[2025-12-26 00:13:21] Tabla bookings existe, consultando datos
--------------------------------------------------------------------------------
[2025-12-26 00:13:21] Total de reservas
Array
(
    [count] => 1
)

--------------------------------------------------------------------------------
[2025-12-26 00:13:21] Ingresos totales
Array
(
    [amount] => 37000.00
)

--------------------------------------------------------------------------------
[2025-12-26 00:13:21] === VALORES FINALES ===
Array
(
    [totalProperties] => 1
    [activeProperties] => 1
    [totalBookings] => 1
    [totalRevenue] => 37000.00
    [configLoaded] => 1
    [dbConnected] => 1
)

--------------------------------------------------------------------------------
[2025-12-26 03:13:22] === INICIO DE EJECUCIÓN ===
--------------------------------------------------------------------------------
[2025-12-26 03:13:22] Intentando cargar config.php
--------------------------------------------------------------------------------
[2025-12-26 00:13:22] config.php cargado exitosamente
--------------------------------------------------------------------------------
[2025-12-26 00:13:22] Intentando cargar Database.php
--------------------------------------------------------------------------------
[2025-12-26 00:13:22] Database.php cargado exitosamente
--------------------------------------------------------------------------------
[2025-12-26 00:13:22] Intentando cargar Property.php
--------------------------------------------------------------------------------
[2025-12-26 00:13:22] Property.php cargado exitosamente
--------------------------------------------------------------------------------
[2025-12-26 00:13:22] Intentando conectar a la base de datos
--------------------------------------------------------------------------------
[2025-12-26 00:13:22] Conexión a base de datos exitosa
--------------------------------------------------------------------------------
[2025-12-26 00:13:22] Consultando total de propiedades
--------------------------------------------------------------------------------
[2025-12-26 00:13:22] Total de propiedades
Array
(
    [count] => 1
)

--------------------------------------------------------------------------------
[2025-12-26 00:13:22] Consultando propiedades activas
--------------------------------------------------------------------------------
[2025-12-26 00:13:22] Propiedades activas
Array
(
    [count] => 1
)

--------------------------------------------------------------------------------
[2025-12-26 00:13:22] Verificando existencia de tabla bookings
--------------------------------------------------------------------------------
[2025-12-26 00:13:22] Tabla bookings existe, consultando datos
--------------------------------------------------------------------------------
[2025-12-26 00:13:22] Total de reservas
Array
(
    [count] => 1
)

--------------------------------------------------------------------------------
[2025-12-26 00:13:22] Ingresos totales
Array
(
    [amount] => 37000.00
)

--------------------------------------------------------------------------------
[2025-12-26 00:13:22] === VALORES FINALES ===
Array
(
    [totalProperties] => 1
    [activeProperties] => 1
    [totalBookings] => 1
    [totalRevenue] => 37000.00
    [configLoaded] => 1
    [dbConnected] => 1
)

--------------------------------------------------------------------------------
[2025-12-26 03:14:08] === INICIO DE EJECUCIÓN ===
--------------------------------------------------------------------------------
[2025-12-26 03:14:08] Intentando cargar config.php
--------------------------------------------------------------------------------
[2025-12-26 00:14:08] config.php cargado exitosamente
--------------------------------------------------------------------------------
[2025-12-26 00:14:08] Intentando cargar Database.php
--------------------------------------------------------------------------------
[2025-12-26 00:14:08] Database.php cargado exitosamente
--------------------------------------------------------------------------------
[2025-12-26 00:14:08] Intentando cargar Property.php
--------------------------------------------------------------------------------
[2025-12-26 00:14:08] Property.php cargado exitosamente
--------------------------------------------------------------------------------
[2025-12-26 00:14:08] Intentando conectar a la base de datos
--------------------------------------------------------------------------------
[2025-12-26 00:14:08] Conexión a base de datos exitosa
--------------------------------------------------------------------------------
[2025-12-26 00:14:08] Consultando total de propiedades
--------------------------------------------------------------------------------
[2025-12-26 00:14:08] Total de propiedades
Array
(
    [count] => 1
)

--------------------------------------------------------------------------------
[2025-12-26 00:14:08] Consultando propiedades activas
--------------------------------------------------------------------------------
[2025-12-26 00:14:08] Propiedades activas
Array
(
    [count] => 1
)

--------------------------------------------------------------------------------
[2025-12-26 00:14:08] Verificando existencia de tabla bookings
--------------------------------------------------------------------------------
[2025-12-26 00:14:08] Tabla bookings existe, consultando datos
--------------------------------------------------------------------------------
[2025-12-26 00:14:08] Total de reservas
Array
(
    [count] => 1
)

--------------------------------------------------------------------------------
[2025-12-26 00:14:08] Ingresos totales
Array
(
    [amount] => 37000.00
)

--------------------------------------------------------------------------------
[2025-12-26 00:14:08] === VALORES FINALES ===
Array
(
    [totalProperties] => 1
    [activeProperties] => 1
    [totalBookings] => 1
    [totalRevenue] => 37000.00
    [configLoaded] => 1
    [dbConnected] => 1
)

--------------------------------------------------------------------------------
[2025-12-26 03:14:28] === INICIO DE EJECUCIÓN ===
--------------------------------------------------------------------------------
[2025-12-26 03:14:28] Intentando cargar config.php
--------------------------------------------------------------------------------
[2025-12-26 00:14:28] config.php cargado exitosamente
--------------------------------------------------------------------------------
[2025-12-26 00:14:28] Intentando cargar Database.php
--------------------------------------------------------------------------------
[2025-12-26 00:14:28] Database.php cargado exitosamente
--------------------------------------------------------------------------------
[2025-12-26 00:14:28] Intentando cargar Property.php
--------------------------------------------------------------------------------
[2025-12-26 00:14:28] Property.php cargado exitosamente
--------------------------------------------------------------------------------
[2025-12-26 00:14:28] Intentando conectar a la base de datos
--------------------------------------------------------------------------------
[2025-12-26 00:14:28] Conexión a base de datos exitosa
--------------------------------------------------------------------------------
[2025-12-26 00:14:28] Consultando total de propiedades
--------------------------------------------------------------------------------
[2025-12-26 00:14:28] Total de propiedades
Array
(
    [count] => 1
)

--------------------------------------------------------------------------------
[2025-12-26 00:14:28] Consultando propiedades activas
--------------------------------------------------------------------------------
[2025-12-26 00:14:28] Propiedades activas
Array
(
    [count] => 1
)

--------------------------------------------------------------------------------
[2025-12-26 00:14:28] Verificando existencia de tabla bookings
--------------------------------------------------------------------------------
[2025-12-26 00:14:28] Tabla bookings existe, consultando datos
--------------------------------------------------------------------------------
[2025-12-26 00:14:28] Total de reservas
Array
(
    [count] => 1
)

--------------------------------------------------------------------------------
[2025-12-26 00:14:28] Ingresos totales
Array
(
    [amount] => 37000.00
)

--------------------------------------------------------------------------------
[2025-12-26 00:14:28] === VALORES FINALES ===
Array
(
    [totalProperties] => 1
    [activeProperties] => 1
    [totalBookings] => 1
    [totalRevenue] => 37000.00
    [configLoaded] => 1
    [dbConnected] => 1
)

--------------------------------------------------------------------------------
[2025-12-26 03:14:29] === INICIO DE EJECUCIÓN ===
--------------------------------------------------------------------------------
[2025-12-26 03:14:29] Intentando cargar config.php
--------------------------------------------------------------------------------
[2025-12-26 00:14:29] config.php cargado exitosamente
--------------------------------------------------------------------------------
[2025-12-26 00:14:29] Intentando cargar Database.php
--------------------------------------------------------------------------------
[2025-12-26 00:14:29] Database.php cargado exitosamente
--------------------------------------------------------------------------------
[2025-12-26 00:14:29] Intentando cargar Property.php
--------------------------------------------------------------------------------
[2025-12-26 00:14:29] Property.php cargado exitosamente
--------------------------------------------------------------------------------
[2025-12-26 00:14:29] Intentando conectar a la base de datos
--------------------------------------------------------------------------------
[2025-12-26 00:14:29] Conexión a base de datos exitosa
--------------------------------------------------------------------------------
[2025-12-26 00:14:29] Consultando total de propiedades
--------------------------------------------------------------------------------
[2025-12-26 00:14:29] Total de propiedades
Array
(
    [count] => 1
)

--------------------------------------------------------------------------------
[2025-12-26 00:14:29] Consultando propiedades activas
--------------------------------------------------------------------------------
[2025-12-26 00:14:29] Propiedades activas
Array
(
    [count] => 1
)

--------------------------------------------------------------------------------
[2025-12-26 00:14:29] Verificando existencia de tabla bookings
--------------------------------------------------------------------------------
[2025-12-26 00:14:29] Tabla bookings existe, consultando datos
--------------------------------------------------------------------------------
[2025-12-26 00:14:29] Total de reservas
Array
(
    [count] => 1
)

--------------------------------------------------------------------------------
[2025-12-26 00:14:29] Ingresos totales
Array
(
    [amount] => 37000.00
)

--------------------------------------------------------------------------------
[2025-12-26 00:14:29] === VALORES FINALES ===
Array
(
    [totalProperties] => 1
    [activeProperties] => 1
    [totalBookings] => 1
    [totalRevenue] => 37000.00
    [configLoaded] => 1
    [dbConnected] => 1
)

--------------------------------------------------------------------------------
[2025-12-26 03:14:36] === INICIO DE EJECUCIÓN ===
--------------------------------------------------------------------------------
[2025-12-26 03:14:36] Intentando cargar config.php
--------------------------------------------------------------------------------
[2025-12-26 00:14:36] config.php cargado exitosamente
--------------------------------------------------------------------------------
[2025-12-26 00:14:36] Intentando cargar Database.php
--------------------------------------------------------------------------------
[2025-12-26 00:14:36] Database.php cargado exitosamente
--------------------------------------------------------------------------------
[2025-12-26 00:14:36] Intentando cargar Property.php
--------------------------------------------------------------------------------
[2025-12-26 00:14:36] Property.php cargado exitosamente
--------------------------------------------------------------------------------
[2025-12-26 00:14:36] Intentando conectar a la base de datos
--------------------------------------------------------------------------------
[2025-12-26 00:14:36] Conexión a base de datos exitosa
--------------------------------------------------------------------------------
[2025-12-26 00:14:36] Consultando total de propiedades
--------------------------------------------------------------------------------
[2025-12-26 00:14:36] Total de propiedades
Array
(
    [count] => 1
)

--------------------------------------------------------------------------------
[2025-12-26 00:14:36] Consultando propiedades activas
--------------------------------------------------------------------------------
[2025-12-26 00:14:36] Propiedades activas
Array
(
    [count] => 1
)

--------------------------------------------------------------------------------
[2025-12-26 00:14:36] Verificando existencia de tabla bookings
--------------------------------------------------------------------------------
[2025-12-26 00:14:36] Tabla bookings existe, consultando datos
--------------------------------------------------------------------------------
[2025-12-26 00:14:36] Total de reservas
Array
(
    [count] => 1
)

--------------------------------------------------------------------------------
[2025-12-26 00:14:36] Ingresos totales
Array
(
    [amount] => 37000.00
)

--------------------------------------------------------------------------------
[2025-12-26 00:14:36] === VALORES FINALES ===
Array
(
    [totalProperties] => 1
    [activeProperties] => 1
    [totalBookings] => 1
    [totalRevenue] => 37000.00
    [configLoaded] => 1
    [dbConnected] => 1
)

--------------------------------------------------------------------------------
[2025-12-26 03:14:37] === INICIO DE EJECUCIÓN ===
--------------------------------------------------------------------------------
[2025-12-26 03:14:37] Intentando cargar config.php
--------------------------------------------------------------------------------
[2025-12-26 00:14:37] config.php cargado exitosamente
--------------------------------------------------------------------------------
[2025-12-26 00:14:37] Intentando cargar Database.php
--------------------------------------------------------------------------------
[2025-12-26 00:14:37] Database.php cargado exitosamente
--------------------------------------------------------------------------------
[2025-12-26 00:14:37] Intentando cargar Property.php
--------------------------------------------------------------------------------
[2025-12-26 00:14:37] Property.php cargado exitosamente
--------------------------------------------------------------------------------
[2025-12-26 00:14:37] Intentando conectar a la base de datos
--------------------------------------------------------------------------------
[2025-12-26 00:14:37] Conexión a base de datos exitosa
--------------------------------------------------------------------------------
[2025-12-26 00:14:37] Consultando total de propiedades
--------------------------------------------------------------------------------
[2025-12-26 00:14:37] Total de propiedades
Array
(
    [count] => 1
)

--------------------------------------------------------------------------------
[2025-12-26 00:14:37] Consultando propiedades activas
--------------------------------------------------------------------------------
[2025-12-26 00:14:37] Propiedades activas
Array
(
    [count] => 1
)

--------------------------------------------------------------------------------
[2025-12-26 00:14:37] Verificando existencia de tabla bookings
--------------------------------------------------------------------------------
[2025-12-26 00:14:37] Tabla bookings existe, consultando datos
--------------------------------------------------------------------------------
[2025-12-26 00:14:37] Total de reservas
Array
(
    [count] => 1
)

--------------------------------------------------------------------------------
[2025-12-26 00:14:37] Ingresos totales
Array
(
    [amount] => 37000.00
)

--------------------------------------------------------------------------------
[2025-12-26 00:14:37] === VALORES FINALES ===
Array
(
    [totalProperties] => 1
    [activeProperties] => 1
    [totalBookings] => 1
    [totalRevenue] => 37000.00
    [configLoaded] => 1
    [dbConnected] => 1
)

--------------------------------------------------------------------------------
[2025-12-26 03:14:38] === INICIO DE EJECUCIÓN ===
--------------------------------------------------------------------------------
[2025-12-26 03:14:38] Intentando cargar config.php
--------------------------------------------------------------------------------
[2025-12-26 00:14:38] config.php cargado exitosamente
--------------------------------------------------------------------------------
[2025-12-26 00:14:38] Intentando cargar Database.php
--------------------------------------------------------------------------------
[2025-12-26 00:14:38] Database.php cargado exitosamente
--------------------------------------------------------------------------------
[2025-12-26 00:14:38] Intentando cargar Property.php
--------------------------------------------------------------------------------
[2025-12-26 00:14:38] Property.php cargado exitosamente
--------------------------------------------------------------------------------
[2025-12-26 00:14:38] Intentando conectar a la base de datos
--------------------------------------------------------------------------------
[2025-12-26 00:14:38] Conexión a base de datos exitosa
--------------------------------------------------------------------------------
[2025-12-26 00:14:38] Consultando total de propiedades
--------------------------------------------------------------------------------
[2025-12-26 00:14:38] Total de propiedades
Array
(
    [count] => 1
)

--------------------------------------------------------------------------------
[2025-12-26 00:14:38] Consultando propiedades activas
--------------------------------------------------------------------------------
[2025-12-26 00:14:38] Propiedades activas
Array
(
    [count] => 1
)

--------------------------------------------------------------------------------
[2025-12-26 00:14:38] Verificando existencia de tabla bookings
--------------------------------------------------------------------------------
[2025-12-26 00:14:38] Tabla bookings existe, consultando datos
--------------------------------------------------------------------------------
[2025-12-26 00:14:38] Total de reservas
Array
(
    [count] => 1
)

--------------------------------------------------------------------------------
[2025-12-26 00:14:38] Ingresos totales
Array
(
    [amount] => 37000.00
)

--------------------------------------------------------------------------------
[2025-12-26 00:14:38] === VALORES FINALES ===
Array
(
    [totalProperties] => 1
    [activeProperties] => 1
    [totalBookings] => 1
    [totalRevenue] => 37000.00
    [configLoaded] => 1
    [dbConnected] => 1
)

--------------------------------------------------------------------------------
[2025-12-26 03:14:50] === INICIO DE EJECUCIÓN ===
--------------------------------------------------------------------------------
[2025-12-26 03:14:50] Intentando cargar config.php
--------------------------------------------------------------------------------
[2025-12-26 00:14:50] config.php cargado exitosamente
--------------------------------------------------------------------------------
[2025-12-26 00:14:50] Intentando cargar Database.php
--------------------------------------------------------------------------------
[2025-12-26 00:14:50] Database.php cargado exitosamente
--------------------------------------------------------------------------------
[2025-12-26 00:14:50] Intentando cargar Property.php
--------------------------------------------------------------------------------
[2025-12-26 00:14:50] Property.php cargado exitosamente
--------------------------------------------------------------------------------
[2025-12-26 00:14:50] Intentando conectar a la base de datos
--------------------------------------------------------------------------------
[2025-12-26 00:14:50] Conexión a base de datos exitosa
--------------------------------------------------------------------------------
[2025-12-26 00:14:50] Consultando total de propiedades
--------------------------------------------------------------------------------
[2025-12-26 00:14:50] Total de propiedades
Array
(
    [count] => 1
)

--------------------------------------------------------------------------------
[2025-12-26 00:14:50] Consultando propiedades activas
--------------------------------------------------------------------------------
[2025-12-26 00:14:50] Propiedades activas
Array
(
    [count] => 1
)

--------------------------------------------------------------------------------
[2025-12-26 00:14:50] Verificando existencia de tabla bookings
--------------------------------------------------------------------------------
[2025-12-26 00:14:50] Tabla bookings existe, consultando datos
--------------------------------------------------------------------------------
[2025-12-26 00:14:50] Total de reservas
Array
(
    [count] => 1
)

--------------------------------------------------------------------------------
[2025-12-26 00:14:50] Ingresos totales
Array
(
    [amount] => 37000.00
)

--------------------------------------------------------------------------------
[2025-12-26 00:14:50] === VALORES FINALES ===
Array
(
    [totalProperties] => 1
    [activeProperties] => 1
    [totalBookings] => 1
    [totalRevenue] => 37000.00
    [configLoaded] => 1
    [dbConnected] => 1
)

--------------------------------------------------------------------------------
